 AS V1.42 Beta [Bld 216] - Source File floppy2_commented.asm - Page 1 - 01/17/2026 03:48:52 PM


       1/       0 :                     ; Ready to assemble with asl.
       2/       0 :                     ; Modified Version for use with extra ROM @ ED00
       3/       0 :                     ; Modifications are:
       4/       0 :                     ; - Runs on kees1948 CPUXXCMI Board with Exordisk Replica Board
       5/       0 :                     ; - Since there is literally no space left and the position of some labels is fixed
       6/       0 :                     ;   we put in JMPs to extra ROM @ ED00 and then JMP back to the appropriate place.
       7/       0 :                     ;****************************************************
       8/       0 :                     ; Used Labels
       9/       0 :                     ;****************************************************
      10/       0 :                     
      11/       0 : =$0                  CURDRV  EQU     $0000
      12/       0 : =$1                  STRSCTH EQU     $0001
      13/       0 : =$2                  STRSCTL EQU     $0002
      14/       0 : =$3                  NUMSCTH EQU     $0003
      15/       0 : =$4                  NUMSCTL EQU     $0004
      16/       0 : =$5                  LSCTLN  EQU     $0005
      17/       0 : =$6                  CURADRH EQU     $0006
      18/       0 : =$7                  CURADRL EQU     $0007
      19/       0 : =$8                  FDSTAT  EQU     $0008
      20/       0 : =$9                  CWRDCNT EQU     $0009
      21/       0 : =$A                  SofTRK  EQU     $000A
      22/       0 : =$B                  SECTCNT EQU     $000B
      23/       0 : =$D                  STATSAV EQU     $000D
      24/       0 : =$E                  FUNCSAV EQU     $000E
      25/       0 : =$F                  NMIVECSAV EQU     $000F
      26/       0 : =$12                 M0012   EQU     $0012 ; $11 and $12 are current Track of Drive 0,1
      27/       0 : =$13                 TRACKSAV EQU    $0013
      28/       0 : =$14                 ADDRMRK EQU     $0014
      29/       0 : =$15                 DWRDCNT EQU     $0015
      30/       0 : =$16                 STACKSAV EQU     $0016
      31/       0 : =$18                 DRDCNT  EQU     $0018
      32/       0 : =$19                 CLKFREQ EQU     $0019
      33/       0 : =$20                 LDADDR  EQU     $0020
      34/       0 : =$22                 EXADDR     EQU     $0022
      35/       0 : =$24                 ONECON     EQU     $0024
      36/       0 :                     ; The PIA has A0 and A1 switched!
      37/       0 :                     ; 00 with CRA2 Set is Peripheral Register A 
      38/       0 :                     ; 00 with CRA2 cleared is Data Direction Register A 
      39/       0 :                     ; 01 with CRB2 Set is Peripheral Register B 
      40/       0 :                     ; 01 with CRB2 cleared is Data Direction Register B 
      41/       0 :                     ; 02 is Control Register A
      42/       0 :                     ; 03 is Control Register B
      43/       0 : =$EC00               PIAREGA EQU     $EC00
      44/       0 : =$EC01               PIAREGB EQU     $EC01
      45/       0 : =$EC02               PIACTRL EQU     $EC02
      46/       0 : =$EC04               SSDA_0  EQU     $EC04
      47/       0 : =$EC05               SSDA_1  EQU     $EC05
      48/       0 : =$EC26               MEC26   EQU     $EC26
      49/       0 : =$EC27               MEC27   EQU     $EC27
      50/       0 : =$F000               PWRUP   EQU     $F000
      51/       0 :                     
      52/       0 : =$F018               XOUTCH  EQU     $F018
      53/       0 : =$F564               REENT2  EQU     $F564
      54/       0 : =$FCFC               PROM_0  EQU     $FCFC
      55/       0 : =$FF8A               XSTAKs  EQU     $FF8A
      56/       0 : =$FFFC               NMIsVC  EQU     $FFFC
      57/       0 :                     
      58/       0 :                     ; Printer
      59/       0 : =$EC10               MEC10   EQU     $EC10
      60/       0 : =$EC11               MEC11   EQU     $EC11
 AS V1.42 Beta [Bld 216] - Source File floppy2_commented.asm - Page 2 - 01/17/2026 03:48:52 PM


      61/       0 : =$EC12               MEC12   EQU     $EC12
      62/       0 : =$EC13               MEC13   EQU     $EC13
      63/       0 :                     
      64/       0 :                     ; External ROM (ED00-EFFF)
      65/       0 : =$EFDE               CLKDMD  EQU     $EFDE
      66/       0 :                     ;****************************************************
      67/       0 :                     ; Program's Code Areas
      68/       0 :                     ;****************************************************
      69/       0 :                     
      70/       0 :                     
      71/    E800 :                                     ORG     $E800
      72/    E800 :                     
      73/    E800 : 8E FF 8A            OSLOAD          LDS     #XSTAKs                  ; E800: 8E FF 8A  ; Set Stackpointer     
      74/    E803 : 4F                                  CLRA                             ; E803: 4F        ; |    
      75/    E804 : 97 00                               STAA    CURDRV                   ; E804: 97 00     ; Set Drive to zero   
      76/    E806 : 8D 48                               BSR     FDINIT2                  ; E806: 8D 48     ; Init PIA and SSDA
      77/    E808 : 8D 6B                               BSR     RESTOR                   ; E808: 8D 6B     ; 
      78/    E80A : 8D 47                               BSR     CHKERR                   ; E80A: 8D 47     ; 
      79/    E80C : CE 00 17                            LDX     #$0017                   ; E80C: CE 00 17  ; Start at Sector $17 (Bootblock) (0xB80)
      80/    E80F : DF 01                               STX     STRSCTH                  ; E80F: DF 01     ; |
      81/    E811 : CE 00 02                            LDX     #$0002                   ; E811: CE 00 02  ; Get 2 sectors
      82/    E814 : DF 03                               STX     NUMSCTH                  ; E814: DF 03     ; |
      83/    E816 : CE 00 20                            LDX     #LDADDR                  ; E816: CE 00 20  ; Load @ 0x20
      84/    E819 : DF 06                               STX     CURADRH                  ; E819: DF 06     ; |
      85/    E81B : 8D 4C                               BSR     READSC                   ; E81B: 8D 4C     ; Read the Sector
      86/    E81D : 8D 34                               BSR     CHKERR                   ; E81D: 8D 34     ; Check for Erroro
      87/    E81F : 7E 00 20                            JMP     LDADDR                   ; E81F: 7E 00 20  ; Execute loaded code....
      88/    E822 :                     ;------------------------------------------------
      89/    E822 : CE 00 00            FDINIT          LDX     #$0000                   ; E822: CE 00 00  ; |
      90/    E825 : FF EC 02                            STX     PIACTRL                  ; E825: FF EC 02  ; clr both control Reg.
      91/    E828 : FF EC 00                            STX     PIAREGA                  ; E828: FF EC 00  ; Set A and B to Input
      92/    E82B : CE D0 DA                            LDX     #$D0DA                   ; E82B: CE D0 DA  ; 
      93/    E82E : FF EC 04                            STX     SSDA_0                   ; E82E: FF EC 04  ; 
      94/    E831 : CE 04 04                            LDX     #$0404                   ; E831: CE 04 04  ; |
      95/    E834 : FF EC 02                            STX     PIACTRL                  ; E834: FF EC 02  ; Set A and B to Output Reg.
      96/    E837 : CE 1B 02                            LDX     #$1B02                   ; E837: CE 1B 02  ; |
      97/    E83A : FF EC 00                            STX     PIAREGA                  ; E83A: FF EC 00  ; Set DS0, DS1, DIRQ, HLD, WG high
      98/    E83D : CE 00 00                            LDX     #$0000                   ; E83D: CE 00 00  ; |
      99/    E840 : FF EC 02                            STX     PIACTRL                  ; E840: FF EC 02  ; Set both to Data direction Reg.
     100/    E843 : CE 1F 6F                            LDX     #$1F6F       ;changed    ; E843: CE 1F 0F  ; |
     101/    E846 : FF EC 00                            STX     PIAREGA                  ; E846: FF EC 00  ; PA0-PA4, PB0-PB3, PB5..6 Output
     102/    E849 : CE 3C 3E                            LDX     #$3C3E                   ; E849: CE 3C 3E  ; |
     103/    E84C : FF EC 02                            STX     PIACTRL                  ; E84C: FF EC 02  ; Select both Output Reg., Set CA2 (STEP), Set CB2 (NMI Timer), IRQB (IRQ) Set by LH Transition of CB1 (IDX)
     104/    E84F : 39                  ZE84F           RTS                              ; E84F: 39        ; Both Output Regsters Selected
     105/    E850 :                     ;------------------------------------------------
     106/    E850 : BD EB 85            FDINIT2         JSR     FDINIT3                  ; E850: BD EB A6  ; 
     107/    E853 :                     ;------------------------------------------------
     108/    E853 : 24 FA               CHKERR          BCC     ZE84F                    ; E853: 24 FA     ; no carry - no error
     109/    E855 : 8D 03               PRNTE2          BSR     PRNTER                   ; E855: 8D 03     ; Print for ex.: 'E2 ' for Error 0x32
     110/    E857 : 7E F5 64                            JMP     REENT2                   ; E857: 7E F5 64  ; 
     111/    E85A :                     ;------------------------------------------------
     112/    E85A : 86 45               PRNTER          LDAA    #$45                     ; E85A: 86 45      ; Load 'E'
     113/    E85C : 8D 08                               BSR     ZE866                    ; E85C: 8D 08      ; 
     114/    E85E : 96 08                               LDAA    FDSTAT                   ; E85E: 96 08      ; 
     115/    E860 : 8D 04                               BSR     ZE866                    ; E860: 8D 04      ; 
     116/    E862 : 86 20                               LDAA    #$20                     ; E862: 86 20      ; 
     117/    E864 : 8D 00                               BSR     ZE866                    ; E864: 8D 00      ; 
     118/    E866 : 7E F0 18            ZE866           JMP     XOUTCH                   ; E866: 7E F0 18   ; Print Accu A to Console
     119/    E869 :                     ;------------------------------------------------
     120/    E869 :                     ;READSC          LDAB    #$80                     ; E869: C6 80      ; 
 AS V1.42 Beta [Bld 216] - Source File floppy2_commented.asm - Page 3 - 01/17/2026 03:48:52 PM


     121/    E869 :                     ;                STAB    LSCTLN                   ; E86B: D7 05      ; 
     122/    E869 :                     ;READPS          CLRB                             ; E86D: 5F         ; 
     123/    E869 :                     ;                CPX     #MC640                   ; E86E: 8C C6 40   ; These CPX are just a method to deactivate the code after the LDAB
     124/    E869 :                     ;                CPX     #MC6C2                   ; E871: 8C C6 C2   ; These CPX are just a method to deactivate the code after the LDAB
     125/    E869 :                     ;                CPX     #MC608                   ; E874: 8C C6 08   ; These CPX are just a method to deactivate the code after the LDAB
     126/    E869 :                     ;                CPX     #MC610                   ; E877: 8C C6 10   ; These CPX are just a method to deactivate the code after the LDAB
     127/    E869 :                     ;                CPX     #MC682                   ; E87A: 8C C6 82   ; These CPX are just a method to deactivate the code after the LDAB
     128/    E869 :                     ;                CPX     #MC681                   ; E87D: 8C C6 81   ; These CPX are just a method to deactivate the code after the LDAB
     129/    E869 :                     ;                CPX     #MC6C0                   ; E880: 8C C6 C0   ; These CPX are just a method to deactivate the code after the LDAB
     130/    E869 :                     ;                CPX     #MC680                   ; E883: 8C C6 80   ; These CPX are just a method to deactivate the code after the LDAB
     131/    E869 :                     ;                CPX     #MC604                   ; E886: 8C C6 04   ; These CPX are just a method to deactivate the code after the LDAB
     132/    E869 :                     ;*************************************************
     133/    E869 :                     ; Meaning of the Bits in FUNCSAV:
     134/    E869 :                     ;
     135/    E869 :                     ; 7  6  5  4  3  2  1  0 
     136/    E869 :                     ; |  |  |  |  |  |  |  |-- 0: Write Deleted Address Mark (with bit 7 set)
     137/    E869 :                     ; |  |  |  |  |  |  |----- 1: test data from disk (with bit 7 set)
     138/    E869 :                     ; |  |  |  |  |  |-------- 2: measure the CPU Frequency via drive speed (these Bits are set alone)
     139/    E869 :                     ; |  |  |  |  |----------- 3: do a RESTOR (these Bits are set alone)
     140/    E869 :                     ; |  |  |  |-------------- 4: do a SEEK (these Bits are set alone)
     141/    E869 :                     ; |  |  |----------------- 5: not used
     142/    E869 :                     ; |  |-------------------- 6: do CRC Verify or read (can be set alone)
     143/    E869 :                     ; |----------------------- 7: write function (can be set alone)
     144/    E869 :                     ;
     145/    E869 :                     ;*************************************************
     146/    E869 : C6 80               READSC          LDAB    #$80                     ; E869: C6 80    ; NO Bit set    ; causes the number of sectors contained in NUMSCT beginning with STRSCT from CURDRV to be read into memory starting at the address contained in CURADR
     147/    E86B : D7 05                               STAB    LSCTLN                   ; E86B: D7 05 
     148/    E86D : 5F                  READPS          CLRB                             ; E86D: 5F       ; NO Bit set    ; similar to READSC with the exception that the last sector is only partially read according to the contents of LSCTLN
     149/    E86E : 8C                                  FCB     $8C
     150/    E86F : C6 40               RDCRC           LDAB    #$40                     ; E86F: C6 40    ; Bit 6 set     ; causes the number of sectors contained in NUMSCT beginning with STRSCT from CURDRV to be read to check their CRCs
     151/    E871 : 8C                                  FCB     $8C
     152/    E872 : C6 C2               RWTEST          LDAB    #$C2                     ; E872: C6 C2    ; Bit 7,6,1 set ; same as WRTEST + readback and check CRC
     153/    E874 : 8C                                  FCB     $8C
     154/    E875 : C6 08               RESTOR          LDAB    #$08                     ; E875: C6 08    ; Bit 3 set     ; causes the read/write head on CURDRV to be positioned to cylinder zero. The only parameter required is CURDRV.
     155/    E877 : 8C                                  FCB     $8C
     156/    E878 : C6 10               SEEK            LDAB    #$10                     ; E878: C6 10    ; Bit 4 set     ; causes the read/write head of CURDRV to be positioned to the cylinder containing STRSCT
     157/    E87A : 8C                                  FCB     $8C
     158/    E87B : C6 82               WRTEST          LDAB    #$82                     ; E87B: C6 82    ; Bit 7,1 set   ; causes the two bytes of data pointed to by the address in CURADR and the address+ 1 to be written to alternating bytes, respectively
     159/    E87D : 8C                                  FCB     $8C
     160/    E87E : C6 81               WRDDAM          LDAB    #$81                     ; E87E: C6 81    ; Bit 7,0 set   ; causes a deleted data address mark to be written
     161/    E880 : 8C                                  FCB     $8C
     162/    E881 : C6 C0               WRVERF          LDAB    #$C0                     ; E881: C6 C0    ; Bit 7,6 set   ; same as WRITSC + CRC Verify
     163/    E883 : 8C                                  FCB     $8C
     164/    E884 : C6 80               WRITSC          LDAB    #$80                     ; E884: C6 80    ; Bit 7 set     ; causes NUMSCT sectors beginning with STRSCT of CURDRV to be written from memory beginning at CURADR
     165/    E886 : 8C                                  FCB     $8C
     166/    E887 : C6 04               CLOCK           LDAB    #$04                     ; E887: C6 04    ; Bit 2 set     ; calculate clock frequency of CPU
     167/    E889 :                     
     168/    E889 : 07                                  TPA                              ; E889: 07         ; Transfer Status Reg to A
     169/    E88A : 0F                                  SEI                              ; E88A: 0F        ; 
     170/    E88B : 97 0D                               STAA    STATSAV                  ; E88B: 97 0D     ; Save Status Reg.
     171/    E88D : D7 0E                               STAB    FUNCSAV                  ; E88D: D7 0E     ; Save Function
     172/    E88F : 86 30                               LDAA    #$30                     ; E88F: 86 30     ; 
     173/    E891 : 97 08                               STAA    FDSTAT                   ; E891: 97 08     ; Clear Errors ('0')
     174/    E893 : 9F 16                               STS     STACKSAV                 ; E893: 9F 16     ; Set Stackpointer
     175/    E895 : FE FF FC                            LDX     NMIsVC                   ; E895: FE FF FC  ; |
     176/    E898 : DF 0F                               STX     NMIVECSAV                ; E898: DF 0F     ; Save old NMIISR
     177/    E89A : CE E9 39                            LDX     #NMIISR                  ; E89A: CE E9 39  ; |
     178/    E89D : FF FF FC                            STX     NMIsVC                   ; E89D: FF FF FC  ; New NMIISR
     179/    E8A0 :                     ;------------------------------------------------
     180/    E8A0 : 7E ED 00                            JMP     $ED00       ;changed                       ; Jump to new ROM
 AS V1.42 Beta [Bld 216] - Source File floppy2_commented.asm - Page 4 - 01/17/2026 03:48:52 PM


     181/    E8A3 :                                     ;LDX     #$0012                   ; E8A0: CE 00 12  ;  
     182/    E8A3 : 86 01                               LDAA    #$01                     ; E8A3: 86 01     ; 
     183/    E8A5 : 91 00                               CMPA    CURDRV                   ; E8A5: 91 00     ; is 0 at start
     184/    E8A7 : 25 12                               BCS     SERR3                    ; E8A7: 25 12     ; if CURDRV > 1 Error
     185/    E8A9 : 27 02                               BEQ     IE8AD                    ; E8A9: 27 02     ; if CURRDRV == 1 leave it @ $12
     186/    E8AB : 09                                  DEX                              ; E8AB: 09        ; else, down to $11
     187/    E8AC : 4C                                  INCA                             ; E8AC: 4C        ; A is 2 now
     188/    E8AD : B7 EC 00            IE8AD           STAA    PIAREGA                  ; E8AD: B7 EC 00  ; Write DS0, TG43, DIRQ, HLD low, Set DS1
     189/    E8B0 : A6 00                               LDAA    ,X                       ; E8B0: A6 00     ; X @ $11 for Drive 0 or $12 for Drive 1
     190/    E8B2 : 97 13                               STAA    TRACKSAV                 ; E8B2: 97 13     ; 
     191/    E8B4 : 86 40                               LDAA    #$40                     ; E8B4: 86 40     ; PA6 (RDY)
     192/    E8B6 : B5 EC 00                            BITA    PIAREGA                  ; E8B6: B5 EC 00  ; Check Drive Ready
     193/    E8B9 : 27 07                               BEQ     DRVRDY                   ; E8B9: 27 07     ; 
     194/    E8BB : C6 33               SERR3           LDAB    #$33                     ; E8BB: C6 33     ; Error '3' (DISK NOT READY)
     195/    E8BD :                     ;                CPX     #MC636                   ; E8BD: 8C C6 36  ; 
     196/    E8BD : 8C                                  FCB     $8C
     197/    E8BE : C6 36               SERR6           LDAB    #$36                                       ; Set Error '6' (INVALID DISK ADDRESS)
     198/    E8C0 : 20 7E                               BRA     SETERR                   ; E8C0: 20 7E     ; 
     199/    E8C2 :                     ;------------------------------------------------
     200/    E8C2 : C5 08               DRVRDY          BITB    #$08                     ; E8C2: C5 08     ; Get Bit3 from FUNCSAV (RESTOR)
     201/    E8C4 : 27 05                               BEQ     RESTORN                  ; E8C4: 27 05     ; Not RESTOR
     202/    E8C6 : 5F                                  CLRB                             ; E8C6: 5F        ; 
     203/    E8C7 : 86 03                               LDAA    #$03                     ; E8C7: 86 03     ; <------------------------------------ What is this??????
     204/    E8C9 : 20 3F                               BRA     RESTORY                  ; E8C9: 20 3F          
     205/    E8CB :                     ;------------------------------------------------
     206/    E8CB : C5 04               RESTORN         BITB    #$04                     ; E8CB: C5 04     ; Get Bit2 from FUNCSAV (CLOCK)
     207/    E8CD : 27 03                               BEQ     CLOCKN                   ; E8CD: 27 03     ; No Clock
     208/    E8CF : 7E EF DE                            JMP     CLKDMD                   ; E8CF: 7E EB 85  ; Calculate CPU Freq., goes to CLKDMD, ERRHNDLR and RST
     209/    E8D2 :                     ;------------------------------------------------
     210/    E8D2 : D6 02               CLOCKN          LDAB    STRSCTL                  ; E8D2: D6 02     ; normal code flow (no CLOCK, no RESTOR)
     211/    E8D4 : 96 01                               LDAA    STRSCTH                  ; E8D4: 96 01     ; Get Startsector
     212/    E8D6 : DB 04                               ADDB    NUMSCTL                  ; E8D6: DB 04     ; |
     213/    E8D8 : 99 03                               ADCA    NUMSCTH                  ; E8D8: 99 03     ; Add Number of sectors
     214/    E8DA : 25 E2                               BCS     SERR6                    ; E8DA: 25 E2     ; Set Error '6': INVALID DISK ADDRESS
     215/    E8DC : C1 D3                               CMPB    #$D3                     ; E8DC: C1 D3     ; |
     216/    E8DE : 82 07                               SBCA    #$07                     ; E8DE: 82 07     ; 0x7D3 = 2003 (sector too big)
     217/    E8E0 : 24 DC                               BCC     SERR6                    ; E8E0: 24 DC     ; Set Error '6': INVALID DISK ADDRESS
     218/    E8E2 : 86 FF                               LDAA    #$FF                     ; E8E2: 86 FF     ; 
     219/    E8E4 : 97 0A                               STAA    SofTRK                   ; E8E4: 97 0A     ; 
     220/    E8E6 : 96 01                               LDAA    STRSCTH                  ; E8E6: 96 01     ; Startsector is usually at $17 at boot
     221/    E8E8 : D6 02                               LDAB    STRSCTL                  ; E8E8: D6 02     ; |
     222/    E8EA : 7C 00 0A            IE8EA           INC     SofTRK                   ; E8EA: 7C 00 0A  ; is now at 0
     223/    E8ED : C0 D0                               SUBB    #$D0                     ; E8ED: C0 D0     ; 0xd0 = 208 (8 tracks exactly)
     224/    E8EF : 82 00                               SBCA    #$00                     ; E8EF: 82 00     ; 
     225/    E8F1 : 24 F7                               BCC     IE8EA                    ; E8F1: 24 F7     ; $17-$D0 is negative, carry is set
     226/    E8F3 : CB D0                               ADDB    #$D0                     ; E8F3: CB D0     ; add $d0 again
     227/    E8F5 : 96 0A                               LDAA    SofTRK                   ; E8F5: 96 0A     ; is 0
     228/    E8F7 : 48                                  ASLA                             ; E8F7: 48        ; 
     229/    E8F8 : 48                                  ASLA                             ; E8F8: 48        ; 
     230/    E8F9 : 48                                  ASLA                             ; E8F9: 48        ; Sector * 8
     231/    E8FA : 4A                                  DECA                             ; E8FA: 4A        ; 
     232/    E8FB : 4C                  IE8FB           INCA                             ; E8FB: 4C        ; A is still 0
     233/    E8FC : C0 1A                               SUBB    #$1A                     ; E8FC: C0 1A     ; $1a = 26, is STRTSCT > 26
     234/    E8FE : 24 FB                               BCC     IE8FB                    ; E8FE: 24 FB     ; 
     235/    E900 : CB 1A                               ADDB    #$1A                     ; E900: CB 1A     ; $1a = 26, if no add it again
     236/    E902 : D7 0A                               STAB    SofTRK                   ; E902: D7 0A     ; store it in Sector of Track
     237/    E904 : DE 03                               LDX     NUMSCTH                  ; E904: DE 03     ; 
     238/    E906 : DF 0B                               STX     SECTCNT                  ; E906: DF 0B     ; 
     239/    E908 : D6 13                               LDAB    TRACKSAV                 ; E908: D6 13     ; 
     240/    E90A : 7E ED 06            RESTORY         jmp     $ED06     ;changed
 AS V1.42 Beta [Bld 216] - Source File floppy2_commented.asm - Page 5 - 01/17/2026 03:48:52 PM


     241/    E90D :                                     ;STAA    TRACKSAV                 ; E90A: 97 13     ; contains track (0 if RESTOR or 3)
     242/    E90D :                                     ;SBA                              ; E90C: 10        ; B cont. 0 if RESTOR
     243/    E90D : F6 EC 00                            LDAB    PIAREGA                  ; E90D: F6 EC 00  ; 
     244/    E910 : CA 08                               ORAB    #$08                     ; E910: CA 08     ; Isolate Bit 3 (DIRQ) | Check direction to STEP
     245/    E912 : 24 03                               BCC     IE917                    ; E912: 24 03     ;                      | Check direction to STEP
     246/    E914 : C4 F7                               ANDB    #$F7                     ; E914: C4 F7     ; Isolate Bit 3 (DIRQ) | Check direction to STEP
     247/    E916 : 40                                  NEGA                             ; E916: 40        ; 
     248/    E917 : C4 EF               IE917           ANDB    #$EF                     ; E917: C4 EF     ; Isolate PA4 (HLD)
     249/    E919 : 81 04                               CMPA    #$04                     ; E919: 81 04     ; Compare A with 4   <------------ WHY
     250/    E91B : 23 02                               BLS     IE91F                    ; E91B: 23 02     ; 
     251/    E91D : CA 10                               ORAB    #$10                     ; E91D: CA 10     ; Set Bit 4 (HLD)
     252/    E91F : F7 EC 00            IE91F           STAB    PIAREGA                  ; E91F: F7 EC 00  ; Write to Port
     253/    E922 : 4A                                  DECA                             ; E922: 4A        ; 
     254/    E923 : 2B 45                               BMI     ZE96A     ; -->          ; E923: 2B 45     ; 
     255/    E925 : 8D 1F                               BSR     STEP                     ; E925: 8D 1F     ; 
     256/    E927 : F6 EC 00                            LDAB    PIAREGA                  ; E927: F6 EC 00  ; 
     257/    E92A : 2A EB                               BPL     IE917                    ; E92A: 2A EB     ; Bit 7 clear? (TRK0)
     258/    E92C : 4D                                  TSTA                             ; E92C: 4D        ; 
     259/    E92D : 27 3B                               BEQ     ZE96A     ; -->          ; E92D: 27 3B     ; 
     260/    E92F : 96 0E                               LDAA    FUNCSAV                  ; E92F: 96 0E     ; 
     261/    E931 : 85 08                               BITA    #$08                     ; E931: 85 08     ; Get Bit3 from FUNCSAV (RESTOR)
     262/    E933 : 27 09                               BEQ     SERR7                    ; E933: 27 09     ; Function is NOT RESTOR, Set Error
     263/    E935 : 8D 25                               BSR     WAIT2                    ; E935: 8D 25     ; Wait
     264/    E937 : 20 58                               BRA     ERRHNDLR  ; -->          ; E937: 20 58     ; 
     265/    E939 :                     ;------------------------------------------------
     266/    E939 :                     ;
     267/    E939 :                     ;------------------------------------------------
     268/    E939 : 9E 16               NMIISR          LDS     STACKSAV                 ; E939: 9E 16     ; 
     269/    E93B : C6 35                               LDAB    #$35                     ; E93B: C6 35     ; Set Error '5' (TIMEOUT)
     270/    E93D :                     ;                CPX     #MC637                   ; E93D: 8C C6 37  ; 
     271/    E93D : 8C                                  FCB     $8C
     272/    E93E : C6 37               SERR7           LDAB    #$37                                       ; Set Error '7' (SEEK ERROR)
     273/    E940 : D7 08               SETERR          STAB    FDSTAT                   ; E940: D7 08     ; 
     274/    E942 : 8D 4D                               BSR     ERRHNDLR                 ; E942: 8D 4D     ; 
     275/    E944 : 0D                                  SEC                              ; E944: 0D        ; 
     276/    E945 : 39                                  RTS                              ; E945: 39        ; 
     277/    E946 :                     ;------------------------------------------------
     278/    E946 :                     ;
     279/    E946 :                     ;------------------------------------------------
     280/    E946 : C6 34               STEP            LDAB    #$34                     ; E946: C6 34     ; Bit 5,4,2 set
     281/    E948 : F7 EC 02                            STAB    PIACTRL                  ; E948: F7 EC 02  ; CA2 low (STEP)
     282/    E94B : C6 3C                               LDAB    #$3C                     ; E94B: C6 3C     ; Bit 5,4,3,2 set
     283/    E94D : F7 EC 02                            STAB    PIACTRL                  ; E94D: F7 EC 02  ; CA2 high (STEP)
     284/    E950 : CE 00 FE                            LDX     #$00FE                   ; E950: CE 00 FE  ; 
     285/    E953 : D6 19               WAIT3           LDAB    CLKFREQ                  ; E953: D6 19     ; is 3 for 1MHz
     286/    E955 : 5A                  WAIT1           DECB                             ; E955: 5A        ; 
     287/    E956 : 26 FD                               BNE     WAIT1                    ; E956: 26 FD     ; 
     288/    E958 : 09                                  DEX                              ; E958: 09        ; 
     289/    E959 : 26 F8                               BNE     WAIT3                    ; E959: 26 F8     ; 
     290/    E95B : 39                                  RTS                              ; E95B: 39        ; 
     291/    E95C :                     ;------------------------------------------------
     292/    E95C : CE 01 87            WAIT2           LDX     #$0187                   ; E95C: CE 01 87  ; 
     293/    E95F : 20 F2                               BRA     WAIT3                    ; E95F: 20 F2     ; 
     294/    E961 :                     ;------------------------------------------------
     295/    E961 : 96 13               IE961           LDAA    TRACKSAV                 ; E961: 96 13     ; Function = RESTOR
     296/    E963 : 27 D9                               BEQ     SERR7                    ; E963: 27 D9     ; Is Track 0? If no Set Error '7' (SEEK ERROR)
     297/    E965 : 4F                                  CLRA                             ; E965: 4F        ; 
     298/    E966 : C6 56                               LDAB    #$56                     ; E966: C6 56     ; = 86 <------------------------------------ What is this??????
     299/    E968 : 20 A0                               BRA     RESTORY   ; -->          ; E968: 20 A0     ; 
     300/    E96A :                     ;------------------------------------------------
 AS V1.42 Beta [Bld 216] - Source File floppy2_commented.asm - Page 6 - 01/17/2026 03:48:52 PM


     301/    E96A :                     ; Comes from RESTORY
     302/    E96A :                     ;------------------------------------------------
     303/    E96A : CE 02 C0            ZE96A           LDX     #$02C0                   ; E96A: CE 02 C0  ; |
     304/    E96D : 8D E4                               BSR     WAIT3                    ; E96D: 8D E4     ; Wait
     305/    E96F : 96 0E                               LDAA    FUNCSAV                  ; E96F: 96 0E     ; What was the function?
     306/    E971 : 85 08                               BITA    #$08                     ; E971: 85 08     ; Is Function = RESTOR ?
     307/    E973 : 26 EC                               BNE     IE961                    ; E973: 26 EC     ; if yes, branch
     308/    E975 : 85 10                               BITA    #$10                     ; E975: 85 10     ; Is FUNCTION SEEK?
     309/    E977 : 26 18                               BNE     ERRHNDLR                 ; E977: 26 18     ; If yes - Done
     310/    E979 : C6 6F                               LDAB    #$6F                     ; E979: C6 6F     ; Write Sync data address mark
     311/    E97B : 46                                  RORA                             ; E97B: 46        ; Get Bit 0 into carry
     312/    E97C : 24 02                               BCC     IE980                    ; E97C: 24 02     ; Is Bit 0 set?
     313/    E97E : C6 6A                               LDAB    #$6A                     ; E97E: C6 6A     ; yes, write DELETED DATA MARK (WRDDAM)
     314/    E980 : D7 14               IE980           STAB    ADDRMRK                  ; E980: D7 14     ; 
     315/    E982 : 20 4F                               BRA     NXTSEC                   ; E982: 20 4F     ; next sector
     316/    E984 :                     ;------------------------------------------------
     317/    E984 :                     ; Comes from NXTSEC
     318/    E984 :                     ;------------------------------------------------
     319/    E984 : 96 0E               SECRDDONE       LDAA    FUNCSAV                  ; E984: 96 0E     ; Get Function
     320/    E986 : 2A 09                               BPL     ERRHNDLR                 ; E986: 2A 09     ; Bit 7 not Set - done (READPS, RDCRC, RESTOR, SEEK, CLOCK)
     321/    E988 : 84 40                               ANDA    #$40                     ; E988: 84 40     ; Isolate Bit 6
     322/    E98A : 97 0E                               STAA    FUNCSAV                  ; E98A: 97 0E     ;  
     323/    E98C : 27 03                               BEQ     ERRHNDLR                 ; E98C: 27 03     ; Bit 6 NOT set - done (READSC, WRTEST, WRDDAM, WRITSC)
     324/    E98E : 7E E8 D2                            JMP     CLOCKN                   ; E98E: 7E E8 D2  ; Bit 6 Set (normal codeflow) (RWTEST, WRVERF)
     325/    E991 :                     ;------------------------------------------------
     326/    E991 :                     ;
     327/    E991 :                     ;------------------------------------------------
     328/    E991 : CE 03 3C            ERRHNDLR        LDX     #$033C                   ; E991: CE 03 3C  ; |
     329/    E994 : FF EC 01                            STX     PIAREGB                  ; E994: FF EC 01  ; Set PB0,1 (RESET and WG) and Select A Output Reg., Set CA2 (STEP)
     330/    E997 : DE 0F                               LDX     NMIVECSAV                ; E997: DE 0F     ; |
     331/    E999 : FF FF FC                            STX     NMIsVC                   ; E999: FF FF FC  ; Restore old NMIISR
     332/    E99C : 96 13                               LDAA    TRACKSAV                 ; E99C: 96 13     ; 
     333/    E99E : D6 00                               LDAB    CURDRV                   ; E99E: D6 00     ; 
     334/    E9A0 : 27 03                               BEQ     IE9A5                    ; E9A0: 27 03     ; 
     335/    E9A2 : 97 12                               STAA    M0012                    ; E9A2: 97 12     ; 
     336/    E9A4 :                     ;                CPX     #$9711                   ; E9A4: 8C 97 11  ; 
     337/    E9A4 : 8C                                  FCB     $8C
     338/    E9A5 : 97 11               IE9A5           STAA    $11                                       ;
     339/    E9A7 : 96 0D                               LDAA    STATSAV                  ; E9A7: 96 0D     ; 
     340/    E9A9 : 06                                  TAP                              ; E9A9: 06        ; Transfer A to Status Register
     341/    E9AA : 0C                                  CLC                              ; E9AA: 0C        ; 
     342/    E9AB : 39                                  RTS                              ; E9AB: 39        ; 
     343/    E9AC :                     ;------------------------------------------------
     344/    E9AC :                     ;
     345/    E9AC :                     ;------------------------------------------------
     346/    E9AC : CE D0 D8            READINIT        LDX     #$D0D8                   ; E9AC: CE D0 D8  ; Select CR2 and Inhibit SM, 2-Byte RDA, 8-Bit Word
     347/    E9AF : FF EC 04                            STX     SSDA_0                   ; E9AF: FF EC 04  ; |
     348/    E9B2 : CE EC 00                            LDX     #PIAREGA                 ; E9B2: CE EC 00  ; 
     349/    E9B5 : 86 50                               LDAA    #$50                     ; E9B5: 86 50     ; 
     350/    E9B7 : A7 04                               STAA    $04,X                    ; E9B7: A7 04     ; Write $50 to SSDA_0 (Enable Read)
     351/    E9B9 : 86 07                               LDAA    #$07                     ; E9B9: 86 07     ; 
     352/    E9BB : A7 01                               STAA    $01,X                    ; E9BB: A7 01     ; Write 7 to PIAREGB (Set to Read, Reset active., WG inact.)
     353/    E9BD : 6A 01                               DEC     $01,X                    ; E9BD: 6A 01     ; Reset inact.
     354/    E9BF : 08                                  INX                              ; E9BF: 08        ; 
     355/    E9C0 : 09                                  DEX                              ; E9C0: 09        ; 
     356/    E9C1 : 86 40                               LDAA    #$40                     ; E9C1: 86 40     ; Write $40 to SSDA_0 (Enable Sync, Select CR2)
     357/    E9C3 : A7 04                               STAA    $04,X                    ; E9C3: A7 04     ; 
     358/    E9C5 : 86 98                               LDAA    #$98                     ; E9C5: 86 98     ; Write $98 to SSDA_1 (Enable SM Output)
     359/    E9C7 : A7 05                               STAA    $05,X                    ; E9C7: A7 05     ; 
     360/    E9C9 : 39                                  RTS                              ; E9C9: 39        ; 
 AS V1.42 Beta [Bld 216] - Source File floppy2_commented.asm - Page 7 - 01/17/2026 03:48:52 PM


     361/    E9CA :                     ;------------------------------------------------
     362/    E9CA :                     ; NXTSEC:
     363/    E9CA :                     ; if sector >= 27 - steps to next Track,
     364/    E9CA :                     ; updates SECTCNT, SofTRK, CWRDCNT, DWRDCNT
     365/    E9CA :                     ;------------------------------------------------
     366/    E9CA : 97 0A               INCTRK          STAA    SofTRK                   ; E9CA: 97 0A     ; store new Sector of Track
     367/    E9CC : BD E9 46                            JSR     STEP                     ; E9CC: BD E9 46  ; move to next Track (X < 0)
     368/    E9CF : 8D 8B                               BSR     WAIT2                    ; E9CF: 8D 8B     ; wait some more (X < 0)
     369/    E9D1 : 6C 13                               INC     $13,X                    ; E9D1: 6C 13     ; increment TRACKSAV
     370/    E9D3 : 7C 00 0A            NXTSEC          INC     SofTRK                   ; E9D3: 7C 00 0A  ; increment Sector of Track
     371/    E9D6 : 96 0A                               LDAA    SofTRK                   ; E9D6: 96 0A     ; Load it to A
     372/    E9D8 : DE 0B                               LDX     SECTCNT                  ; E9D8: DE 0B     ; Load Sector count
     373/    E9DA : 27 A8                               BEQ     SECRDDONE   ; -->        ; E9DA: 27 A8     ; done?
     374/    E9DC : 80 1B                               SUBA    #$1B                     ; E9DC: 80 1B     ; Sector == 27?
     375/    E9DE : 24 EA                               BCC     INCTRK                   ; E9DE: 24 EA     ; increase Track
     376/    E9E0 : 86 05                               LDAA    #$05                     ; E9E0: 86 05     ; 
     377/    E9E2 : 97 18                               STAA    DRDCNT                   ; E9E2: 97 18     ; Data Read Counter
     378/    E9E4 : 09                                  DEX                              ; E9E4: 09        ; decrement sectorcount
     379/    E9E5 : 86 40               START           LDAA    #$40                     ; E9E5: 86 40     ; One Sector is $40 words
     380/    E9E7 : DF 0B                               STX     SECTCNT                  ; E9E7: DF 0B     ; store updated sectorcount
     381/    E9E9 : 26 07                               BNE     IE9F2                    ; E9E9: 26 07     ; not done, jump
     382/    E9EB : 96 05                               LDAA    LSCTLN                   ; E9EB: 96 05     ; LAST SofTRK LENGTH (1-128)
     383/    E9ED : 8B 07                               ADDA    #$07                     ; E9ED: 8B 07     ; isolate Bit 0,1,2
     384/    E9EF : 44                                  LSRA                             ; E9EF: 44        ; convert to words
     385/    E9F0 : 84 FC                               ANDA    #$FC                     ; E9F0: 84 FC     ; isolate Bit 0,1
     386/    E9F2 : 97 15               IE9F2           STAA    DWRDCNT                  ; E9F2: 97 15     ; is $40 for every full sector
     387/    E9F4 : 40                                  NEGA                             ; E9F4: 40        ; 
     388/    E9F5 : D6 0E                               LDAB    FUNCSAV                  ; E9F5: D6 0E     ; 
     389/    E9F7 : 58                                  ASLB                             ; E9F7: 58        ; Check Bit 6 (RDCRC, RWTEST, WRVERF)
     390/    E9F8 : 2A 01                               BPL     NOCRC                    ; E9F8: 2A 01     ; if not set, jump
     391/    E9FA : 4F                                  CLRA                             ; E9FA: 4F        ; 
     392/    E9FB : 8B 40               NOCRC           ADDA    #$40                     ; E9FB: 8B 40     ; 
     393/    E9FD : 97 09                               STAA    CWRDCNT                  ; E9FD: 97 09     ; 
     394/    E9FF : BD EB 74                            JSR     RETRG                    ; E9FF: BD EB 74  ; Retrigger NMI Timer
     395/    EA02 : 96 13                               LDAA    TRACKSAV                 ; EA02: 96 13     ; 
     396/    EA04 : CA 0C                               ORAB    #$0C                     ; EA04: CA 0C     ; In B is FUNCSAV<<1, isol. Bit 2,3 (RWTEST, WRTEST, CLOCK)
     397/    EA06 : 81 2B                               CMPA    #$2B                     ; EA06: 81 2B     ; check for Track > 43
     398/    EA08 : 23 02                               BLS     IEA0C                    ; EA08: 23 02     ; No
     399/    EA0A : C4 FB                               ANDB    #$FB                     ; EA0A: C4 FB     ; Clr Bit 2 (CLOCK, and TG43 on PA2)
     400/    EA0C : E7 00               IEA0C           STAB    ,X                       ; EA0C: E7 00     ; Set Port
     401/    EA0E : CE D2 70                            LDX     #$D270                   ; EA0E: CE D2 70  ; Inhibit: Sync,Tx,Rx,Select CR3 and 1 Sync Character,Internal Sync,Clear: TUF,CTS
     402/    EA11 : FF EC 04                            STX     SSDA_0                   ; EA11: FF EC 04  ; |
     403/    EA14 : CE D1 F5                            LDX     #$D1F5                   ; EA14: CE D1 F5  ; Select Sync Code Register and Set Sync Code to hex F5
     404/    EA17 : FF EC 04                            STX     SSDA_0                   ; EA17: FF EC 04  ; |
     405/    EA1A :                     ;*************************************************
     406/    EA1A :                     ; Looking for ID Addr. Mark, correct Track and Sector
     407/    EA1A :                     ;*************************************************
     408/    EA1A : 8D 90               IEA1A           BSR     READINIT                 ; EA1A: 8D 90     ; X is on PIAREGA (EC00), Toggle RESET
     409/    EA1C : A6 04               IEA1C           LDAA    $04,X                    ; EA1C: A6 04     ; Read SSDA Status Reg.
     410/    EA1E : 2A FC                               BPL     IEA1C                    ; EA1E: 2A FC     ; Wait for Data
     411/    EA20 : A6 05                               LDAA    $05,X                    ; EA20: A6 05     ; Read SSDA Data Reg
     412/    EA22 : 81 7E                               CMPA    #$7E                     ; EA22: 81 7E     ; ID address mark ?
     413/    EA24 : 26 F4                               BNE     IEA1A                    ; EA24: 26 F4     ; No ?, Try again.
     414/    EA26 : A6 04               IEA26           LDAA    $04,X                    ; EA26: A6 04     ; *********** Found Id Addr. Mark ***********
     415/    EA28 : 2A FC                               BPL     IEA26                    ; EA28: 2A FC     ; Wait for Data
     416/    EA2A : A6 05                               LDAA    $05,X                    ; EA2A: A6 05     ; Read SSDA Data Reg into A
     417/    EA2C : E6 05                               LDAB    $05,X                    ; EA2C: E6 05     ; Read SSDA Data Reg into B
     418/    EA2E : 91 13                               CMPA    TRACKSAV                 ; EA2E: 91 13     ; Compare with Track
     419/    EA30 : 26 E8                               BNE     IEA1A                    ; EA30: 26 E8     ; Try again
     420/    EA32 : A6 04               IEA32           LDAA    $04,X                    ; EA32: A6 04     ; We are on the right Track, Read SSDA Status Reg.
 AS V1.42 Beta [Bld 216] - Source File floppy2_commented.asm - Page 8 - 01/17/2026 03:48:52 PM


     421/    EA34 : 2A FC                               BPL     IEA32                    ; EA34: 2A FC     ; Wait for Data
     422/    EA36 : A6 05                               LDAA    $05,X                    ; EA36: A6 05     ; Read SSDA Data Reg into A
     423/    EA38 : E6 05                               LDAB    $05,X                    ; EA38: E6 05     ; Read SSDA Data Reg into B
     424/    EA3A : 91 0A                               CMPA    SofTRK                   ; EA3A: 91 0A     ; Compare with sector
     425/    EA3C : 26 DC                               BNE     IEA1A                    ; EA3C: 26 DC     ; Try again
     426/    EA3E : A6 04               IEA3E           LDAA    $04,X                    ; EA3E: A6 04     ; Found Sector, Read SSDA Status Reg.
     427/    EA40 : 2A FC                               BPL     IEA3E                    ; EA40: 2A FC     ; Wait for Data
     428/    EA42 : 6D 05                               TST     $05,X                    ; EA42: 6D 05     ; 
     429/    EA44 : 96 19                               LDAA    CLKFREQ                  ; EA44: 96 19     ; 
     430/    EA46 : 80 03               IEA46           SUBA    #$03                     ; EA46: 80 03     ; 
     431/    EA48 : 22 FC                               BHI     IEA46                    ; EA48: 22 FC     ; 
     432/    EA4A : A6 01                               LDAA    $01,X                    ; EA4A: A6 01     ; Read PIAREGB
     433/    EA4C : 2B 3B                               BMI     SERR9                    ; EA4C: 2B 3B     ; PB7 High ? (CRC-0) - ERROR
     434/    EA4E :                     ;*************************************************
     435/    EA4E :                     ; Found corr. Track and Sector, now look for Data Addr. Mark
     436/    EA4E :                     ;*************************************************
     437/    EA4E : A6 05                               LDAA    $05,X                    ; EA4E: A6 05     ; 
     438/    EA50 : 86 04                               LDAA    #$04                     ; EA50: 86 04     ; Try four times
     439/    EA52 : 6D 04               IEA52           TST     $04,X                    ; EA52: 6D 04     ; Read SSDA Status Reg.
     440/    EA54 : 2A FC                               BPL     IEA52                    ; EA54: 2A FC     ; Wait for Data
     441/    EA56 : A1 05                               CMPA    $05,X                    ; EA56: A1 05     ; Compare SSDA Data Reg to A (04)
     442/    EA58 : A1 05                               CMPA    $05,X                    ; EA58: A1 05     ; Compare SSDA Data Reg to A (04)
     443/    EA5A : 4A                                  DECA                             ; EA5A: 4A        ; |
     444/    EA5B : 26 F5                               BNE     IEA52                    ; EA5B: 26 F5     ; try again
     445/    EA5D : D6 0E                               LDAB    FUNCSAV                  ; EA5D: D6 0E     ; 
     446/    EA5F : 2B 7C                               BMI     WRITINIT   ; -->         ; EA5F: 2B 7C     ; Bit 7 set - Write Function
     447/    EA61 : D6 19                               LDAB    CLKFREQ                  ; EA61: D6 19     ; Waitloop
     448/    EA63 : 58                                  ASLB                             ; EA63: 58        ; |
     449/    EA64 : 08                  IEA64           INX                              ; EA64: 08        ; |
     450/    EA65 : 09                                  DEX                              ; EA65: 09        ; |
     451/    EA66 : 5A                                  DECB                             ; EA66: 5A        ; |
     452/    EA67 : 26 FB                               BNE     IEA64                    ; EA67: 26 FB     ; |
     453/    EA69 : C6 04                               LDAB    #$04                     ; EA69: C6 04     ; Try four times
     454/    EA6B : BD E9 AC            IEA6B           JSR     READINIT                 ; EA6B: BD E9 AC  ; Initialize SSDA for Read, Toggle RESET
     455/    EA6E : DE 06                               LDX     CURADRH                  ; EA6E: DE 06     ; Load Start Address
     456/    EA70 : B6 EC 04            IEA70           LDAA    SSDA_0                   ; EA70: B6 EC 04  ; Read SSDA Status Reg.
     457/    EA73 : 2A FB                               BPL     IEA70                    ; EA73: 2A FB     ; Wait and Test RDA for 2 Bytes Ready
     458/    EA75 : B6 EC 05                            LDAA    SSDA_1                   ; EA75: B6 EC 05  ; Read Data
     459/    EA78 : 81 6F                               CMPA    #$6F                     ; EA78: 81 6F     ; Sync data address mark
     460/    EA7A : 27 21                               BEQ     READSECT  ; -->          ; EA7A: 27 21     ; ********** Found data address mark *************
     461/    EA7C : 81 6A                               CMPA    #$6A                     ; EA7C: 81 6A     ; Read DELETED DATA MARK (set Error '4')
     462/    EA7E : 27 18                               BEQ     SERR4                    ; EA7E: 27 18     ; |
     463/    EA80 : 5A                                  DECB                             ; EA80: 5A        ; |
     464/    EA81 : 26 E8                               BNE     IEA6B                    ; EA81: 26 E8     ; again
     465/    EA83 : C6 38                               LDAB    #$38                     ; EA83: C6 38     ; (Set Error '8') (DATA MARK ERROR)
     466/    EA85 :                     ;                CPX     #MC631                   ; EA85: 8C C6 31  ; 
     467/    EA85 : 8C                                  FCB     $8C
     468/    EA86 : C6 31               SERR1           LDAB    #$31                                       ; (Set Error '1') (DATA CRC ERROR)
     469/    EA88 :                     ;                CPX     #MC639                   ; EA88: 8C C6 39  ; 
     470/    EA88 : 8C                                  FCB     $8C
     471/    EA89 : C6 39               SERR9           LDAB    #$39                                        ; (Set Error '9') (ADDRESS MARK CRC ERROR)
     472/    EA8B : 7A 00 18                            DEC     DRDCNT                   ; EA8B: 7A 00 18  ; decrement counter (was 5)
     473/    EA8E : 27 0A                               BEQ     IEA9A                    ; EA8E: 27 0A     ; if 0, set error
     474/    EA90 : DE 0B                               LDX     SECTCNT                  ; EA90: DE 0B     ; if not, try again
     475/    EA92 : 7E E9 E5                            JMP     START      ; -->         ; EA92: 7E E9 E5  ; 
     476/    EA95 :                     ;------------------------------------------------
     477/    EA95 : C6 32               SERR2           LDAB    #$32                     ; EA95: C6 32     ; Set Error '2' (DISK WRITE PROTECTED)
     478/    EA97 :                     ;                CPX     #MC634                   ; EA97: 8C C6 34  ; 
     479/    EA97 : 8C                                  FCB     $8C
     480/    EA98 : C6 34               SERR4           LDAB    #$34                                        ; (Set Error '4') (READ DELETED DATA MARK)
 AS V1.42 Beta [Bld 216] - Source File floppy2_commented.asm - Page 9 - 01/17/2026 03:48:52 PM


     481/    EA9A : 7E E9 40            IEA9A           JMP     SETERR     ; -->         ; EA9A: 7E E9 40  ; 
     482/    EA9D :                     ;------------------------------------------------
     483/    EA9D : D6 0E               READSECT        LDAB    FUNCSAV                  ; EA9D: D6 0E     ; data address mark found
     484/    EA9F : 58                                  ASLB                             ; EA9F: 58        ; FUNCSAV<<1
     485/    EAA0 : 2B 19                               BMI     CRCONLY                  ; EAA0: 2B 19     ; Check for READCRC ($40, Bit 6)
     486/    EAA2 : D6 15                               LDAB    DWRDCNT                  ; EAA2: D6 15     ; Data Wordcount
     487/    EAA4 : B6 EC 04            IEAA4           LDAA    SSDA_0                   ; EAA4: B6 EC 04  ; Read SSDA Status Reg.
     488/    EAA7 : 2A FB                               BPL     IEAA4                    ; EAA7: 2A FB     ; Wait and Test RDA for 2 Bytes Ready
     489/    EAA9 : B6 EC 05                            LDAA    SSDA_1                   ; EAA9: B6 EC 05  ; Read Data to Buffer
     490/    EAAC : BC FC FC                            CPX     PROM_0                   ; EAAC: BC FC FC  ; X is on $20, in PROM_0 is zero *** This does nothing ! ***
     491/    EAAF : A7 00                               STAA    ,X                       ; EAAF: A7 00     ; |
     492/    EAB1 : B6 EC 05                            LDAA    SSDA_1                   ; EAB1: B6 EC 05  ; |
     493/    EAB4 : A7 01                               STAA    $01,X                    ; EAB4: A7 01     ; |
     494/    EAB6 : 08                                  INX                              ; EAB6: 08        ; |
     495/    EAB7 : 08                                  INX                              ; EAB7: 08        ; |
     496/    EAB8 : 5A                                  DECB                             ; EAB8: 5A        ; |
     497/    EAB9 : 26 E9                               BNE     IEAA4                    ; EAB9: 26 E9     ; 
     498/    EABB : D6 09               CRCONLY         LDAB    CWRDCNT                  ; EABB: D6 09     ; CRC Wordcount
     499/    EABD : B6 EC 04            READCRC         LDAA    SSDA_0                   ; EABD: B6 EC 04  ; Read SSDA Status Reg.
     500/    EAC0 : 2A FB                               BPL     READCRC                  ; EAC0: 2A FB     ; Wait and Test RDA for 2 Bytes Ready
     501/    EAC2 : 5A                                  DECB                             ; EAC2: 5A        ; dec. counter
     502/    EAC3 : 2B 08                               BMI     CRCOK                    ; EAC3: 2B 08     ; finished ?
     503/    EAC5 : B6 EC 05                            LDAA    SSDA_1                   ; EAC5: B6 EC 05  ; Read SSDA Data to A
     504/    EAC8 : B6 EC 05                            LDAA    SSDA_1                   ; EAC8: B6 EC 05  ; Read SSDA Data to A
     505/    EACB : 20 F0                               BRA     READCRC                  ; EACB: 20 F0     ; continue
     506/    EACD :                     
     507/    EACD : 96 19               CRCOK           LDAA    CLKFREQ                  ; EACD: 96 19     ; 
     508/    EACF : 80 03               IEACF           SUBA    #$03                     ; EACF: 80 03     ; 
     509/    EAD1 : 22 FC                               BHI     IEACF                    ; EAD1: 22 FC     ; 
     510/    EAD3 : B6 EC 01                            LDAA    PIAREGB                  ; EAD3: B6 EC 01  ; |
     511/    EAD6 : 2B AE                               BMI     SERR1                    ; EAD6: 2B AE     ; PB7 High ? (CRC-0) Error
     512/    EAD8 : DF 06                               STX     CURADRH                  ; EAD8: DF 06     ; CRC ok
     513/    EADA : 7E E9 D3                            JMP     NXTSEC     ; -->         ; EADA: 7E E9 D3  ; next sector
     514/    EADD :                     ;------------------------------------------------
     515/    EADD :                     ;
     516/    EADD :                     ;------------------------------------------------
     517/    EADD : CE C0 DA            WRITINIT        LDX     #$C0DA                   ; EADD: CE C0 DA  ; 
     518/    EAE0 : FF EC 04                            STX     SSDA_0                   ; EAE0: FF EC 04  ; 
     519/    EAE3 : CE C1 AA                            LDX     #$C1AA                   ; EAE3: CE C1 AA  ; 
     520/    EAE6 : FF EC 04                            STX     SSDA_0                   ; EAE6: FF EC 04  ; 
     521/    EAE9 : CE C2 70                            LDX     #$C270                   ; EAE9: CE C2 70  ; 
     522/    EAEC : FF EC 04                            STX     SSDA_0                   ; EAEC: FF EC 04  ; 
     523/    EAEF : 7C EC 01                            INC     PIAREGB                  ; EAEF: 7C EC 01  ; 
     524/    EAF2 : 86 82                               LDAA    #$82                     ; EAF2: 86 82     ; Bit 1,7
     525/    EAF4 : B7 EC 04                            STAA    SSDA_0                   ; EAF4: B7 EC 04  ; WG off, PB7 is an Input 
     526/    EAF7 : 09                                  DEX                              ; EAF7: 09        ; 
     527/    EAF8 : B7 EC 01                            STAA    PIAREGB                  ; EAF8: B7 EC 01  ; 
     528/    EAFB : 86 10                               LDAA    #$10                     ; EAFB: 86 10     ; Bit 4
     529/    EAFD : B5 EC 01                            BITA    PIAREGB                  ; EAFD: B5 EC 01  ; Check Writeprot?
     530/    EB00 : 27 93                               BEQ     SERR2                    ; EB00: 27 93     ; If yes set Error
     531/    EB02 : 96 19                               LDAA    CLKFREQ                  ; EB02: 96 19     ; Waitloop
     532/    EB04 : 80 03                               SUBA    #$03                     ; EB04: 80 03     ; |
     533/    EB06 : 48                                  ASLA                             ; EB06: 48        ; |
     534/    EB07 : 4A                  IEB07           DECA                             ; EB07: 4A        ; |
     535/    EB08 : 2A FD                               BPL     IEB07                    ; EB08: 2A FD     ; |
     536/    EB0A : 7F EC 01                            CLR     PIAREGB                  ; EB0A: 7F EC 01  ; Clear all PB (Set to Write, Reset off, ShiftCRC off, WG on)
     537/    EB0D : 56                                  RORB                             ; EB0D: 56        ; 
     538/    EB0E : 24 01                               BCC     IEB11                    ; EB0E: 24 01     ; 
     539/    EB10 :                     ;                BITA    #$56                     ; EB10: 85 56     ; 
     540/    EB10 : 85                                  FCB     $85                
 AS V1.42 Beta [Bld 216] - Source File floppy2_commented.asm - Page 10 - 01/17/2026 03:48:52 PM


     541/    EB11 : 56                  IEB11           RORB                             ;                 
     542/    EB12 : CE 00 05                            LDX     #$0005                   ; EB12: CE 00 05  ; 
     543/    EB15 : BD E9 53                            JSR     WAIT3                    ; EB15: BD E9 53  ; 
     544/    EB18 : C6 40                               LDAB    #$40                     ; EB18: C6 40     ; 
     545/    EB1A : 96 14                               LDAA    ADDRMRK                  ; EB1A: 96 14     ; 
     546/    EB1C : CE 83 F5                            LDX     #$83F5                   ; EB1C: CE 83 F5  ; 
     547/    EB1F : FF EC 04                            STX     SSDA_0                   ; EB1F: FF EC 04  ; 
     548/    EB22 : DE 06                               LDX     CURADRH                  ; EB22: DE 06     ; 
     549/    EB24 : B7 EC 05                            STAA    SSDA_1                   ; EB24: B7 EC 05  ; 
     550/    EB27 : 7E EB 31                            JMP     WRITSEC                  ; EB27: 7E EB 31  ; 
     551/    EB2A :                     
     552/    EB2A : 86 40               IEB2A           LDAA    #$40                     ; EB2A: 86 40     ; 
     553/    EB2C : B5 EC 04            IEB2C           BITA    SSDA_0                   ; EB2C: B5 EC 04  ; Transmit Datareg. empty?
     554/    EB2F : 27 FB                               BEQ     IEB2C                    ; EB2F: 27 FB     ; If no, wait
     555/    EB31 : B6 FC FC            WRITSEC         LDAA    PROM_0                   ; EB31: B6 FC FC  ; in PROM_0 is zero
     556/    EB34 : 01                                  NOP                              ; EB34: 01        ;  
     557/    EB35 : A6 00                               LDAA    ,X                       ; EB35: A6 00     ; Load Data from RAM
     558/    EB37 : B7 EC 05                            STAA    SSDA_1                   ; EB37: B7 EC 05  ; Write to disk
     559/    EB3A : A6 01                               LDAA    $01,X                    ; EB3A: A6 01     ; Load next Byte
     560/    EB3C : B7 EC 05                            STAA    SSDA_1                   ; EB3C: B7 EC 05  ; Write to disk
     561/    EB3F : 25 02                               BCS     IEB43                    ; EB3F: 25 02     ; all done?
     562/    EB41 : 08                                  INX                              ; EB41: 08        ; if not, increase pointer
     563/    EB42 : 08                                  INX                              ; EB42: 08        ; |
     564/    EB43 : 5A                  IEB43           DECB                             ; EB43: 5A        ; decrease counter
     565/    EB44 : 26 E4                               BNE     IEB2A                    ; EB44: 26 E4     ; check if underflow, if not, continue from top
     566/    EB46 : DF 06                               STX     CURADRH                  ; EB46: DF 06     ; done, store current address
     567/    EB48 : CE EC 00                            LDX     #PIAREGA                 ; EB48: CE EC 00  ;  
     568/    EB4B : 86 40                               LDAA    #$40                     ; EB4B: 86 40     ;  
     569/    EB4D : A5 04               IEB4D           BITA    $04,X                    ; EB4D: A5 04     ; Check SSDA Status Reg.
     570/    EB4F : 27 FC                               BEQ     IEB4D                    ; EB4F: 27 FC     ; Wait for Data
     571/    EB51 : E7 05                               STAB    $05,X                    ; EB51: E7 05     ; Store B to Data Register
     572/    EB53 : A5 04               IEB53           BITA    $04,X                    ; EB53: A5 04     ; Check SSDA Status Reg.
     573/    EB55 : 27 FC                               BEQ     IEB53                    ; EB55: 27 FC     ; Wait for Data
     574/    EB57 : C6 08                               LDAB    #$08                     ; EB57: C6 08     ; 
     575/    EB59 : E7 01                               STAB    $01,X                    ; EB59: E7 01     ; 
     576/    EB5B : E7 05                               STAB    $05,X                    ; EB5B: E7 05     ; 
     577/    EB5D : A5 04               IEB5D           BITA    $04,X                    ; EB5D: A5 04     ; 
     578/    EB5F : 27 FC                               BEQ     IEB5D                    ; EB5F: 27 FC     ; 
     579/    EB61 : C6 FF                               LDAB    #$FF                     ; EB61: C6 FF     ; 
     580/    EB63 : E7 05                               STAB    $05,X                    ; EB63: E7 05     ; 
     581/    EB65 : E7 05                               STAB    $05,X                    ; EB65: E7 05     ; 
     582/    EB67 : A5 04               IEB67           BITA    $04,X                    ; EB67: A5 04     ; 
     583/    EB69 : 27 FC                               BEQ     IEB67                    ; EB69: 27 FC     ; 
     584/    EB6B : 6F 01                               CLR     $01,X                    ; EB6B: 6F 01     ; 
     585/    EB6D : 6C 01                               INC     $01,X                    ; EB6D: 6C 01     ; 
     586/    EB6F : 6C 01                               INC     $01,X                    ; EB6F: 6C 01     ; 
     587/    EB71 : 7E E9 D3                            JMP     NXTSEC    ; -->          ; EB71: 7E E9 D3  ; next sector
     588/    EB74 :                     ;------------------------------------------------
     589/    EB74 : CE EC 00            RETRG           LDX     #PIAREGA                 ; EB74: CE EC 00  ; 
     590/    EB77 : 86 36                               LDAA    #$36                     ; EB77: 86 36     ; |
     591/    EB79 : A7 03                               STAA    $03,X                    ; EB79: A7 03     ; $36 -> PIACTRLB (CB2 Low - Trigger NMI Timer, IRQB Flag set by HL on CB1 - IDX, Select Output Reg. B)
     592/    EB7B : 86 3E                               LDAA    #$3E                     ; EB7B: 86 3E     ; |
     593/    EB7D : A7 03                               STAA    $03,X                    ; EB7D: A7 03     ; $3E -> PIACTRLB (CB2 high)
     594/    EB7F : E6 00                               LDAB    ,X                       ; EB7F: E6 00     ; Get Port A
     595/    EB81 : 4A                                  DECA                             ; EB81: 4A        ; 
     596/    EB82 : A7 02                               STAA    $02,X                    ; EB82: A7 02     ; $3D -> PIACTRLA (En. IRQA interrupt by CA1 - NMI Timer, Sel. Output Reg. A, CA2 high - STEP)
     597/    EB84 : 39                                  RTS                              ; EB84: 39        ; 
     598/    EB85 :                     ;------------------------------------------------
     599/    EB85 :                     ;CLKDMD          BSR     RETRG                    ; EB85: 8D ED     ; Retrigger NMI Timer
     600/    EB85 :                     ;                LDAB    $01,X                    ; EB87: E6 01     ; PIAREGB Clear Interrupt Flag
 AS V1.42 Beta [Bld 216] - Source File floppy2_commented.asm - Page 11 - 01/17/2026 03:48:52 PM


     601/    EB85 :                     ;                CLRA                             ; EB89: 4F        ;  
     602/    EB85 :                     ;IEB8A           LDAB    $03,X                    ; EB8A: E6 03     ; PIACTRLB
     603/    EB85 :                     ;                BPL     IEB8A                    ; EB8C: 2A FC     ; Wait for IRQB on CB1 (IDX)
     604/    EB85 :                     ;                LDAB    $01,X                    ; EB8E: E6 01     ; PIAREGB Clear Interrupt Flag
     605/    EB85 :                     ;CLRTOP          CLRB                             ; EB90: 5F        ;  
     606/    EB85 :                     ;IEB91           DECB                             ; EB91: 5A        ; Wait
     607/    EB85 :                     ;                BNE     IEB91                    ; EB92: 26 FD     ; |
     608/    EB85 :                     ;                INCA                             ; EB94: 4C        ; In A is the ammount of 256 ticks
     609/    EB85 :                     ;                TST     $03,X                    ; EB95: 6D 03     ; PIACTRLB
     610/    EB85 :                     ;                BPL     CLRTOP                   ; EB97: 2A F7     ; Wait for IRQB on CB1 (IDX) 166ms later
     611/    EB85 :                     ;                INCB                             ; EB99: 5C        ; B is 1 now
     612/    EB85 :                     ;                SUBA    #$4B                     ; EB9A: 80 4B     ;  
     613/    EB85 :                     ;IEB9C           INCB                             ; EB9C: 5C        ;  
     614/    EB85 :                     ;                SUBA    #$16                     ; EB9D: 80 16     ;  
     615/    EB85 :                     ;                BCC     IEB9C                    ; EB9F: 24 FB     ;  
     616/    EB85 :                     ;                STAB    CLKFREQ                  ; EBA1: D7 19     ; B is 3 for 1MHz
     617/    EB85 :                     ;                JMP     ERRHNDLR   ; -->         ; EBA3: 7E E9 91  ; ERRHNDLR has RTS
     618/    EB85 :                     ;------------------------------------------------
     619/    EB85 : BD E8 22            FDINIT3         JSR     FDINIT                   ; EBA6: BD E8 22  ; 
     620/    EB88 : 7E E8 87                            JMP     CLOCK                    ; EBA9: 7E E8 87  ; initializes and starts drive, then jumps to CLKDMD
     621/    EB8B :                     ;------------------------------------------------
     622/    EB8B :                     ;ZEBAC           PSHA                             ; EBAC: 36        ; 
     623/    EB8B :                     ;ZEBAD           LDAB    MEC26                    ; EBAD: F6 EC 26  ; <------------------------------------ no RAM here!
     624/    EB8B :                     ;                BITB    #$01                     ; EBB0: C5 01     ; 
     625/    EB8B :                     ;                BEQ     ZEBDA                    ; EBB2: 27 26     ; 
     626/    EB8B :                     ;                LDAA    MEC27                    ; EBB4: B6 EC 27  ; <------------------------------------ no RAM here!
     627/    EB8B :                     ;                CMPA    #$13                     ; EBB7: 81 13     ; 
     628/    EB8B :                     ;                BNE     ZEBDA                    ; EBB9: 26 1F     ; 
     629/    EB8B :                     ;ZEBBB           LDAB    MEC26                    ; EBBB: F6 EC 26  ; <------------------------------------ no RAM here!
     630/    EB8B :                     ;                BRA     ZEBCF                    ; EBBE: 20 0F     ; 
     631/    EB8B :                     ;;------------------------------------------------
     632/    EB8B :                     ;LPINIT          LDAA    #$03                     ; EBC0: 86 03     ; 
     633/    EB8B :                     ;                STAA    MEC26                    ; EBC2: B7 EC 26  ; <------------------------------------ no RAM here!
     634/    EB8B :                     ;                LDAA    #$15                     ; EBC5: 86 15     ; 
     635/    EB8B :                     ;                STAA    MEC26                    ; EBC7: B7 EC 26  ; <------------------------------------ no RAM here! 
     636/    EB8B :                     ;                RTS                              ; EBCA: 39        ; 
     637/    EB8B :                     ;;------------------------------------------------
     638/    EB8B :                     ;                NOP                              ; EBCB: 01        ; 
     639/    EB8B :                     ;LIST            PSHB                             ; EBCC: 37        ; 
     640/    EB8B :                     ;                BRA     ZEBAC                    ; EBCD: 20 DD     ; 
     641/    EB8B :                     ;;------------------------------------------------
     642/    EB8B :                     ;ZEBCF           BITB    #$01                     ; EBCF: C5 01     ; 
     643/    EB8B :                     ;                BEQ     ZEBBB                    ; EBD1: 27 E8     ; 
     644/    EB8B :                     ;                LDAA    MEC27                    ; EBD3: B6 EC 27  ; <------------------------------------ no RAM here!
     645/    EB8B :                     ;                CMPA    #$11                     ; EBD6: 81 11     ; 
     646/    EB8B :                     ;                BNE     ZEBBB                    ; EBD8: 26 E1     ; 
     647/    EB8B :                     ;ZEBDA           BITB    #$02                     ; EBDA: C5 02     ; 
     648/    EB8B :                     ;                BEQ     ZEBAD                    ; EBDC: 27 CF     ; 
     649/    EB8B :                     ;                PULA                             ; EBDE: 32        ; 
     650/    EB8B :                     ;                STAA    MEC27                    ; EBDF: B7 EC 27  ; <------------------------------------ no RAM here!
     651/    EB8B :                     ;                PULB                             ; EBE2: 33        ; 
     652/    EB8B :                     ;                RTS                              ; EBE3: 39        ; 
     653/    EB8B :                     ;;------------------------------------------------
     654/    EB8B :                     ;LDATA0          LDAA    #$0D                     ; EBE4: 86 0D     ; Send String to Printer
     655/    EB8B :                     ;                BSR     LIST                     ; EBE6: 8D E4     ; 
     656/    EB8B :                     ;                DEX                              ; EBE8: 09        ; 
     657/    EB8B :                     ;                LDAA    #$0A                     ; EBE9: 86 0A     ; 
     658/    EB8B :                     ;                BRA     ZEBEF                    ; EBEB: 20 02     ; 
     659/    EB8B :                     ;;------------------------------------------------
     660/    EB8B :                     ;                NOP                              ; EBED: 01        ; 
 AS V1.42 Beta [Bld 216] - Source File floppy2_commented.asm - Page 12 - 01/17/2026 03:48:52 PM


     661/    EB8B :                     ;                NOP                              ; EBEE: 01        ; 
     662/    EB8B :                     ;ZEBEF           BSR     LIST                     ; EBEF: 8D DB     ; 
     663/    EB8B :                     ;                INX                              ; EBF1: 08        ; 
     664/    EB8B :                     ;                LDAA    ,X                       ; EBF2: A6 00     ; 
     665/    EB8B :                     ;                CMPA    #$04                     ; EBF4: 81 04     ; End of line ?
     666/    EB8B :                     ;                BNE     ZEBEF                    ; EBF6: 26 F7     ; 
     667/    EB8B :                     ;                LDAA    #$1B                     ; EBF8: 86 1B     ; 
     668/    EB8B :                     ;                BSR     LIST                     ; EBFA: 8D D0     ; 
     669/    EB8B :                     ;                RTS                              ; EBFC: 39        ; 
     670/    EB8B :                     ;;------------------------------------------------
     671/    EB8B :                     ;                FCB     $00                      ; EBFD: 00             
     672/    EB8B :                     ;                FCB     $00                      ; EBFE: 00             
     673/    EB8B :                     ;                FCB     $00                      ; EBFF: 00             
     674/    EB8B :                     ;
     675/    EB8B :                     ;------------------------------------------------
     676/    EB8B :                     ; Disk Mini Diagnostic Routine
     677/    EB8B :                     ;------------------------------------------------
     678/    EB8B :                     
     679/    EB90 :                                     ORG     $EB90
     680/    EB90 :                     
     681/    EB90 : CE 00 14            CLRTOP          LDX     #$0014                   ; EB90: CE 00 14 ; Diagnostic with clear
     682/    EB93 : 6F 5F               ZEB93           CLR     $5F,X                    ; EB93: 6F 5F    ; Clear $60-$73
     683/    EB95 : 09                                  DEX                              ; EB95: 09       ; |
     684/    EB96 : 26 FB                               BNE     ZEB93                    ; EB96: 26 FB    ; |
     685/    EB98 : BD E8 22            TOP             JSR     FDINIT                   ; EB98: BD E8 22 ; Diagnostic without clear
     686/    EB9B : BD E8 75                            JSR     RESTOR                   ; EB9B: BD E8 75 ; 
     687/    EB9E : DE 20               ZEB9E           LDX     LDADDR                   ; EB9E: DE 20    ; 
     688/    EBA0 : DF 06                               STX     CURADRH                  ; EBA0: DF 06    ; 
     689/    EBA2 : DE 22                               LDX     EXADDR                   ; EBA2: DE 22    ; must contain addres of function (READSC,...)
     690/    EBA4 : AD 00                               JSR     ,X                       ; EBA4: AD 00    ; 
     691/    EBA6 : 96 24                               LDAA    ONECON                   ; EBA6: 96 24    ; 
     692/    EBA8 : 26 0F                               BNE     ZEBB9                    ; EBA8: 26 0F    ; 
     693/    EBAA : 97 07                               STAA    CURADRL                  ; EBAA: 97 07    ; 
     694/    EBAC : 78 00 08                            ASL     FDSTAT                   ; EBAC: 78 00 08 ; 
     695/    EBAF : DE 07                               LDX     CURADRL                  ; EBAF: DE 07    ; 
     696/    EBB1 : 6C 01                               INC     $01,X                    ; EBB1: 6C 01    ; 
     697/    EBB3 : 26 E9                               BNE     ZEB9E                    ; EBB3: 26 E9    ; 
     698/    EBB5 : 6C 00                               INC     ,X                       ; EBB5: 6C 00    ; 
     699/    EBB7 : 26 E5                               BNE     ZEB9E                    ; EBB7: 26 E5    ; 
     700/    EBB9 : 7E E8 55            ZEBB9           JMP     PRNTE2                   ; EBB9: 7E E8 55 ; Print Error Code
     701/    EBBC :                     ;------------------------------------------------
     702/    EBBC : FF FF FF FF                         FCB     $FF,$FF,$FF,$FF          ; EBBC: FF FF FF FF
     703/    EBC0 : CE FF 2E            LPINIT          LDX     #$FF2E                   ; EBC0: CE FF 2E ; Line Printer Init (should there be a 6821 @ EC10)?
     704/    EBC3 : FF EC 10                            STX     MEC10                    ; EBC3: FF EC 10 ; <------------------------------------ no RAM here!
     705/    EBC6 : 86 3C                               LDAA    #$3C                     ; EBC6: 86 3C    ; 
     706/    EBC8 : B7 EC 13                            STAA    MEC13                    ; EBC8: B7 EC 13 ; <------------------------------------ no RAM here!
     707/    EBCB : 39                                  RTS                              ; EBCB: 39       ; 
     708/    EBCC :                     ;------------------------------------------------
     709/    EBCC : B7 EC 10            LIST            STAA    MEC10                    ; EBCC: B7 EC 10 ; Print contents of A
     710/    EBCF : B6 EC 10                            LDAA    MEC10                    ; EBCF: B6 EC 10 ; <------------------------------------ no RAM here!
     711/    EBD2 : 37                  ZEBD2           PSHB                             ; EBD2: 37       ; 
     712/    EBD3 : F6 EC 12                            LDAB    MEC12                    ; EBD3: F6 EC 12 ; <------------------------------------ no RAM here!
     713/    EBD6 : C4 03                               ANDB    #$03                     ; EBD6: C4 03    ; 
     714/    EBD8 : 5A                                  DECB                             ; EBD8: 5A       ; 
     715/    EBD9 : 33                                  PULB                             ; EBD9: 33       ; 
     716/    EBDA : 26 06                               BNE     ZEBE2                    ; EBDA: 26 06    ; 
     717/    EBDC : 7D EC 11                            TST     MEC11                    ; EBDC: 7D EC 11 ; <------------------------------------ no RAM here!
     718/    EBDF : 2A F1                               BPL     ZEBD2                    ; EBDF: 2A F1    ; 
     719/    EBE1 : 39                                  RTS                              ; EBE1: 39       ; 
     720/    EBE2 :                     ;------------------------------------------------
 AS V1.42 Beta [Bld 216] - Source File floppy2_commented.asm - Page 13 - 01/17/2026 03:48:52 PM


     721/    EBE2 : 0D                  ZEBE2           SEC                              ; EBE2: 0D       ; 
     722/    EBE3 : 39                                  RTS                              ; EBE3: 39       ; 
     723/    EBE4 :                     ;------------------------------------------------
     724/    EBE4 : 86 0D               LDATA0          LDAA    #$0D                     ; EBE4: 86 0D    ; Send String to Printer
     725/    EBE6 : 8D E4               ZEBE6           BSR     LIST                     ; EBE6: 8D E4    ; 
     726/    EBE8 : 25 FC                               BCS     ZEBE6                    ; EBE8: 25 FC    ; 
     727/    EBEA : 86 0A                               LDAA    #$0A                     ; EBEA: 86 0A    ; 
     728/    EBEC : 09                                  DEX                              ; EBEC: 09       ; 
     729/    EBED : 8D DD               ZEBED           BSR     LIST                     ; EBED: 8D DD    ; 
     730/    EBEF : 25 FC                               BCS     ZEBED                    ; EBEF: 25 FC    ; 
     731/    EBF1 : 08                                  INX                              ; EBF1: 08       ; 
     732/    EBF2 : A6 00               LDATA1          LDAA    ,X                       ; EBF2: A6 00    ; 
     733/    EBF4 : 81 04                               CMPA    #$04                     ; EBF4: 81 04    ; 
     734/    EBF6 : 26 F5                               BNE     ZEBED                    ; EBF6: 26 F5    ; 
     735/    EBF8 : 39                                  RTS                              ; EBF8: 39       ; 
     736/    EBF9 :                     ;------------------------------------------------
     737/    EBF9 : FF FF FF FF FF                      FCB     $FF,$FF,$FF,$FF,$FF      ; EBF9: FF FF FF FF FF '.....'
     738/    EBFE : 07 50                               FDB     $0750                    ; EBFE: 07 50          '.P'
     739/    EC00 :                     
     740/    EC00 :                                     END
 AS V1.42 Beta [Bld 216] - Source File floppy2_commented.asm - Page 14 - 01/17/2026 03:48:52 PM


  Symbol Table (* = unused):
  --------------------------

 ADDRMRK :                       14 - |
*ARCHITECTURE :                                      "x86_64-unknown-linux" - |
*BIGENDIAN :                      0 - | *BRANCHEXT :                      0 - |
*CASESENSITIVE :                  0 - |  CHKERR :                      E853 C |
 CLKDMD :                      EFDE - |  CLKFREQ :                       19 - |
 CLOCK :                       E887 C |  CLOCKN :                      E8D2 C |
*CLRTOP :                      EB90 C | *COMPMODE :                       0 - |
*CONSTPI :        3.141592653589793 - |  CRCOK :                       EACD C |
 CRCONLY :                     EABB C |  CURADRH :                        6 - |
 CURADRL :                        7 - |  CURDRV :                         0 - |
*CUSTOM :                         0 - |  CWRDCNT :                        9 - |
*DATE :                "01/17/2026" - |  DRDCNT :                        18 - |
 DRVRDY :                      E8C2 C |  DWRDCNT :                       15 - |
 ERRHNDLR :                    E991 C |  EXADDR :                        22 - |
*FALSE :                          0 - |  FDINIT :                      E822 C |
 FDINIT2 :                     E850 C |  FDINIT3 :                     EB85 C |
 FDSTAT :                         8 - | *FULLPMMU :                       1 - |
 FUNCSAV :                        E - | *HAS64 :                          1 - |
*HASDSP :                         0 - | *HASFPU :                         0 - |
*HASPMMU :                        0 - |  IE8AD :                       E8AD C |
 IE8EA :                       E8EA C |  IE8FB :                       E8FB C |
 IE917 :                       E917 C |  IE91F :                       E91F C |
 IE961 :                       E961 C |  IE980 :                       E980 C |
 IE9A5 :                       E9A5 C |  IE9F2 :                       E9F2 C |
 IEA0C :                       EA0C C |  IEA1A :                       EA1A C |
 IEA1C :                       EA1C C |  IEA26 :                       EA26 C |
 IEA32 :                       EA32 C |  IEA3E :                       EA3E C |
 IEA46 :                       EA46 C |  IEA52 :                       EA52 C |
 IEA64 :                       EA64 C |  IEA6B :                       EA6B C |
 IEA70 :                       EA70 C |  IEA9A :                       EA9A C |
 IEAA4 :                       EAA4 C |  IEACF :                       EACF C |
 IEB07 :                       EB07 C |  IEB11 :                       EB11 C |
 IEB2A :                       EB2A C |  IEB2C :                       EB2C C |
 IEB43 :                       EB43 C |  IEB4D :                       EB4D C |
 IEB53 :                       EB53 C |  IEB5D :                       EB5D C |
 IEB67 :                       EB67 C |  INCTRK :                      E9CA C |
*INEXTMODE :                      0 - | *INLWORDMODE :                    0 - |
*INMAXMODE :                      0 - | *INSRCMODE :                      0 - |
*INSUPMODE :                      0 - |  LDADDR :                        20 - |
*LDATA0 :                      EBE4 C | *LDATA1 :                      EBF2 C |
 LIST :                        EBCC C | *LISTON :                         1 - |
*LPINIT :                      EBC0 C |  LSCTLN :                         5 - |
 M0012 :                         12 - | *MACEXP :                         7 - |
 MEC10 :                       EC10 - |  MEC11 :                       EC11 - |
 MEC12 :                       EC12 - |  MEC13 :                       EC13 - |
*MEC26 :                       EC26 - | *MEC27 :                       EC27 - |
*MOMCPU :                      6800 - | *MOMCPUNAME :                "6800" - |
*NESTMAX :                      100 - |  NMIISR :                      E939 C |
 NMISVC :                      FFFC - |  NMIVECSAV :                      F - |
 NOCRC :                       E9FB C |  NUMSCTH :                        3 - |
 NUMSCTL :                        4 - |  NXTSEC :                      E9D3 C |
 ONECON :                        24 - | *OSLOAD :                      E800 C |
*PACKING :                        0 - | *PADDING :                        0 - |
 PIACTRL :                     EC02 - |  PIAREGA :                     EC00 - |
 PIAREGB :                     EC01 - |  PRNTE2 :                      E855 C |
 PRNTER :                      E85A C |  PROM_0 :                      FCFC - |
*PWRUP :                       F000 - | *RDCRC :                       E86F C |
 AS V1.42 Beta [Bld 216] - Source File floppy2_commented.asm - Page 15 - 01/17/2026 03:48:52 PM


 READCRC :                     EABD C |  READINIT :                    E9AC C |
*READPS :                      E86D C |  READSC :                      E869 C |
 READSECT :                    EA9D C |  REENT2 :                      F564 - |
*RELAXED :                        0 - |  RESTOR :                      E875 C |
 RESTORN :                     E8CB C |  RESTORY :                     E90A C |
 RETRG :                       EB74 C | *RWTEST :                      E872 C |
 SECRDDONE :                   E984 C |  SECTCNT :                        B - |
*SEEK :                        E878 C |  SERR1 :                       EA86 C |
 SERR2 :                       EA95 C |  SERR3 :                       E8BB C |
 SERR4 :                       EA98 C |  SERR6 :                       E8BE C |
 SERR7 :                       E93E C |  SERR9 :                       EA89 C |
 SETERR :                      E940 C |  SOFTRK :                         A - |
 SSDA_0 :                      EC04 - |  SSDA_1 :                      EC05 - |
 STACKSAV :                      16 - |  START :                       E9E5 C |
 STATSAV :                        D - |  STEP :                        E946 C |
 STRSCTH :                        1 - |  STRSCTL :                        2 - |
*TIME :               "03:48:52 PM" - | *TOP :                         EB98 C |
 TRACKSAV :                      13 - | *TRUE :                           1 - |
*VERSION :                     142F - |  WAIT1 :                       E955 C |
 WAIT2 :                       E95C C |  WAIT3 :                       E953 C |
*WRDDAM :                      E87E C |  WRITINIT :                    EADD C |
*WRITSC :                      E884 C |  WRITSEC :                     EB31 C |
*WRTEST :                      E87B C | *WRVERF :                      E881 C |
 XOUTCH :                      F018 - |  XSTAKS :                      FF8A - |
*Z80SYNTAX :                      0 - |  ZE84F :                       E84F C |
 ZE866 :                       E866 C |  ZE96A :                       E96A C |
 ZEB93 :                       EB93 C |  ZEB9E :                       EB9E C |
 ZEBB9 :                       EBB9 C |  ZEBD2 :                       EBD2 C |
 ZEBE2 :                       EBE2 C |  ZEBE6 :                       EBE6 C |
 ZEBED :                       EBED C |

    171 symbols
     48 unused symbols

 AS V1.42 Beta [Bld 216] - Source File floppy2_commented.asm - Page 16 - 01/17/2026 03:48:52 PM


  Code Pages:
  ----------

STANDARD (0 changed characters)

1 code page

0.01 seconds assembly time

    740 lines source file
      2 passes
      0 errors
      0 warnings
